{"numFailedTestSuites":0,"numFailedTests":0,"numPassedTestSuites":19,"numPassedTests":30,"numPendingTestSuites":0,"numPendingTests":0,"numRuntimeErrorTestSuites":0,"numTodoTests":0,"numTotalTestSuites":19,"numTotalTests":30,"openHandles":[],"snapshot":{"added":0,"didUpdate":false,"failure":false,"filesAdded":0,"filesRemoved":0,"filesUnmatched":0,"filesUpdated":0,"matched":2,"total":2,"unchecked":0,"uncheckedKeysByFile":[],"unmatched":0,"updated":0},"startTime":1560996658906,"success":true,"testResults":[{"assertionResults":[{"ancestorTitles":["ButtonComponent"],"failureMessages":[],"fullName":"ButtonComponent should create","location":null,"status":"passed","title":"should create"}],"endTime":1560996663973,"message":"","name":"C:\\Users\\apgiles\\Code\\DF-Components\\projects\\df-components\\src\\lib\\button\\button\\button.component.spec.ts","startTime":1560996660595,"status":"passed","summary":""},{"assertionResults":[{"ancestorTitles":["MegaTagChooserComponent"],"failureMessages":[],"fullName":"MegaTagChooserComponent should create","location":null,"status":"passed","title":"should create"}],"endTime":1560996664167,"message":"","name":"C:\\Users\\apgiles\\Code\\DF-Components\\projects\\df-components\\src\\lib\\mega-tagger\\mega-tag-chooser\\mega-tag-chooser.component.spec.ts","startTime":1560996660581,"status":"passed","summary":""},{"assertionResults":[{"ancestorTitles":["AvatarComponent"],"failureMessages":[],"fullName":"AvatarComponent should create","location":null,"status":"passed","title":"should create"},{"ancestorTitles":["AvatarComponent"],"failureMessages":[],"fullName":"AvatarComponent The initials match the name","location":null,"status":"passed","title":"The initials match the name"},{"ancestorTitles":["AvatarComponent"],"failureMessages":[],"fullName":"AvatarComponent Initials work with only one name","location":null,"status":"passed","title":"Initials work with only one name"},{"ancestorTitles":["AvatarComponent"],"failureMessages":[],"fullName":"AvatarComponent Initials are derived from first three names","location":null,"status":"passed","title":"Initials are derived from first three names"}],"endTime":1560996664610,"message":"","name":"C:\\Users\\apgiles\\Code\\DF-Components\\projects\\df-components\\src\\lib\\avatar\\avatar\\avatar.component.spec.ts","startTime":1560996664004,"status":"passed","summary":""},{"assertionResults":[{"ancestorTitles":["DiscussionComponent"],"failureMessages":[],"fullName":"DiscussionComponent should create","location":null,"status":"passed","title":"should create"}],"endTime":1560996664731,"message":"","name":"C:\\Users\\apgiles\\Code\\DF-Components\\projects\\df-components\\src\\lib\\discussion\\discussion\\discussion.component.spec.ts","startTime":1560996664198,"status":"passed","summary":""},{"assertionResults":[{"ancestorTitles":["SlimPanelComponent"],"failureMessages":[],"fullName":"SlimPanelComponent should create","location":null,"status":"passed","title":"should create"}],"endTime":1560996665084,"message":"","name":"C:\\Users\\apgiles\\Code\\DF-Components\\projects\\df-components\\src\\lib\\panel\\slim-panel\\slim-panel.component.spec.ts","startTime":1560996664631,"status":"passed","summary":""},{"assertionResults":[{"ancestorTitles":["MegaTagsComponent"],"failureMessages":[],"fullName":"MegaTagsComponent should create","location":null,"status":"passed","title":"should create"}],"endTime":1560996665497,"message":"","name":"C:\\Users\\apgiles\\Code\\DF-Components\\projects\\df-components\\src\\lib\\mega-tagger\\mega-tags\\mega-tags.component.spec.ts","startTime":1560996664756,"status":"passed","summary":""},{"assertionResults":[{"ancestorTitles":["DataTableComponent"],"failureMessages":[],"fullName":"DataTableComponent should create","location":null,"status":"passed","title":"should create"},{"ancestorTitles":["DataTableComponent"],"failureMessages":[],"fullName":"DataTableComponent should not vertical scroll when limit is applied","location":null,"status":"passed","title":"should not vertical scroll when limit is applied"}],"endTime":1560996667299,"message":"","name":"C:\\Users\\apgiles\\Code\\DF-Components\\projects\\df-components\\src\\lib\\data-table\\data-table\\data-table.component.spec.ts","startTime":1560996665105,"status":"passed","summary":""},{"assertionResults":[{"ancestorTitles":["FilteredListComponent"],"failureMessages":[],"fullName":"FilteredListComponent should create","location":null,"status":"passed","title":"should create"},{"ancestorTitles":["FilteredListComponent"],"failureMessages":[],"fullName":"FilteredListComponent should contain a list of items","location":null,"status":"passed","title":"should contain a list of items"},{"ancestorTitles":["FilteredListComponent"],"failureMessages":[],"fullName":"FilteredListComponent should emit an event and highlight when an item is selected","location":null,"status":"passed","title":"should emit an event and highlight when an item is selected"},{"ancestorTitles":["FilteredListComponent"],"failureMessages":[],"fullName":"FilteredListComponent should contain a routerLink if link property is provided","location":null,"status":"passed","title":"should contain a routerLink if link property is provided"},{"ancestorTitles":["FilteredListComponent"],"failureMessages":[],"fullName":"FilteredListComponent should change the list when a filter is applied","location":null,"status":"passed","title":"should change the list when a filter is applied"},{"ancestorTitles":["FilteredListComponent"],"failureMessages":[],"fullName":"FilteredListComponent should allow for custom entity filter expressions","location":null,"status":"passed","title":"should allow for custom entity filter expressions"}],"endTime":1560996667329,"message":"","name":"C:\\Users\\apgiles\\Code\\DF-Components\\projects\\df-components\\src\\lib\\filtered-list\\filtered-list.spec.ts","startTime":1560996665518,"status":"passed","summary":""},{"assertionResults":[{"ancestorTitles":["ExpanderPanelComponent"],"failureMessages":[],"fullName":"ExpanderPanelComponent should create","location":null,"status":"passed","title":"should create"}],"endTime":1560996667902,"message":"","name":"C:\\Users\\apgiles\\Code\\DF-Components\\projects\\df-components\\src\\lib\\panel\\expander-panel\\expander-panel.component.spec.ts","startTime":1560996667324,"status":"passed","summary":""},{"assertionResults":[{"ancestorTitles":["RefinerComponent"],"failureMessages":[],"fullName":"RefinerComponent should create","location":null,"status":"passed","title":"should create"},{"ancestorTitles":["RefinerComponent"],"failureMessages":[],"fullName":"RefinerComponent should display lists of refiners","location":null,"status":"passed","title":"should display lists of refiners"},{"ancestorTitles":["RefinerComponent"],"failureMessages":[],"fullName":"RefinerComponent should emit all selected refiners","location":null,"status":"passed","title":"should emit all selected refiners"}],"endTime":1560996667948,"message":"","name":"C:\\Users\\apgiles\\Code\\DF-Components\\projects\\df-components\\src\\lib\\refiner\\refiner.spec.ts","startTime":1560996667355,"status":"passed","summary":""},{"assertionResults":[{"ancestorTitles":["UploaderComponent"],"failureMessages":[],"fullName":"UploaderComponent should create","location":null,"status":"passed","title":"should create"}],"endTime":1560996668490,"message":"","name":"C:\\Users\\apgiles\\Code\\DF-Components\\projects\\df-components\\src\\lib\\file\\uploader\\uploader.component.spec.ts","startTime":1560996667923,"status":"passed","summary":""},{"assertionResults":[{"ancestorTitles":["DropperComponent"],"failureMessages":[],"fullName":"DropperComponent should create","location":null,"status":"passed","title":"should create"}],"endTime":1560996668552,"message":"","name":"C:\\Users\\apgiles\\Code\\DF-Components\\projects\\df-components\\src\\lib\\file\\dropper\\dropper.component.spec.ts","startTime":1560996667966,"status":"passed","summary":""},{"assertionResults":[{"ancestorTitles":["PackNavigatorComponent"],"failureMessages":[],"fullName":"PackNavigatorComponent should create","location":null,"status":"passed","title":"should create"}],"endTime":1560996668545,"message":"","name":"C:\\Users\\apgiles\\Code\\DF-Components\\projects\\df-components\\src\\lib\\document\\pack-navigator\\pack-navigator.component.spec.ts","startTime":1560996660586,"status":"passed","summary":""},{"assertionResults":[{"ancestorTitles":["DialogAreYouSureComponent"],"failureMessages":[],"fullName":"DialogAreYouSureComponent should create","location":null,"status":"passed","title":"should create"}],"endTime":1560996669003,"message":"","name":"C:\\Users\\apgiles\\Code\\DF-Components\\projects\\df-components\\src\\lib\\dialogs\\dialog-are-you-sure\\dialog-are-you-sure.component.spec.ts","startTime":1560996668508,"status":"passed","summary":""},{"assertionResults":[{"ancestorTitles":["StatusPickerComponent"],"failureMessages":[],"fullName":"StatusPickerComponent should create","location":null,"status":"passed","title":"should create"}],"endTime":1560996669109,"message":"","name":"C:\\Users\\apgiles\\Code\\DF-Components\\projects\\df-components\\src\\lib\\document\\status-picker\\status-picker.component.spec.ts","startTime":1560996668656,"status":"passed","summary":""},{"assertionResults":[{"ancestorTitles":["NiceNamePipe"],"failureMessages":[],"fullName":"NiceNamePipe create an instance","location":null,"status":"passed","title":"create an instance"}],"endTime":1560996669445,"message":"","name":"C:\\Users\\apgiles\\Code\\DF-Components\\projects\\df-components\\src\\lib\\pipes\\nice-name.pipe.spec.ts","startTime":1560996669031,"status":"passed","summary":""},{"assertionResults":[{"ancestorTitles":["TruncatePipe"],"failureMessages":[],"fullName":"TruncatePipe create an instance","location":null,"status":"passed","title":"create an instance"}],"endTime":1560996669722,"message":"","name":"C:\\Users\\apgiles\\Code\\DF-Components\\projects\\df-components\\src\\lib\\pipes\\truncate.pipe.spec.ts","startTime":1560996669286,"status":"passed","summary":""},{"assertionResults":[{"ancestorTitles":["SafeHtmlPipe"],"failureMessages":[],"fullName":"SafeHtmlPipe create an instance","location":null,"status":"passed","title":"create an instance"}],"endTime":1560996669877,"message":"","name":"C:\\Users\\apgiles\\Code\\DF-Components\\projects\\df-components\\src\\lib\\pipes\\safe-html.pipe.spec.ts","startTime":1560996668760,"status":"passed","summary":""},{"assertionResults":[{"ancestorTitles":["SplitCasePipe"],"failureMessages":[],"fullName":"SplitCasePipe create an instance","location":null,"status":"passed","title":"create an instance"}],"endTime":1560996669984,"message":"","name":"C:\\Users\\apgiles\\Code\\DF-Components\\projects\\df-components\\src\\lib\\pipes\\split-case.pipe.spec.ts","startTime":1560996669513,"status":"passed","summary":""}],"wasInterrupted":false}