{"numFailedTestSuites":0,"numFailedTests":0,"numPassedTestSuites":13,"numPassedTests":23,"numPendingTestSuites":0,"numPendingTests":0,"numRuntimeErrorTestSuites":0,"numTotalTestSuites":13,"numTotalTests":23,"openHandles":[],"snapshot":{"added":0,"didUpdate":false,"failure":false,"filesAdded":0,"filesRemoved":0,"filesUnmatched":0,"filesUpdated":0,"matched":2,"total":2,"unchecked":0,"uncheckedKeysByFile":[],"unmatched":0,"updated":0},"startTime":1550198580032,"success":true,"testResults":[{"assertionResults":[{"ancestorTitles":["CardMarkdownComponent"],"failureMessages":[],"fullName":"CardMarkdownComponent should create","location":null,"status":"passed","title":"should create"}],"endTime":1550198586822,"message":"","name":"C:\\Users\\apgiles\\Code\\DF-Components\\projects\\df-components\\src\\lib\\deck\\card-markdown\\card-markdown.component.spec.ts","startTime":1550198582625,"status":"passed","summary":""},{"assertionResults":[{"ancestorTitles":["CardParentComponent"],"failureMessages":[],"fullName":"CardParentComponent should create","location":null,"status":"passed","title":"should create"}],"endTime":1550198586873,"message":"","name":"C:\\Users\\apgiles\\Code\\DF-Components\\projects\\df-components\\src\\lib\\deck\\card-parent\\card-parent.component.spec.ts","startTime":1550198582623,"status":"passed","summary":""},{"assertionResults":[{"ancestorTitles":["AvatarComponent"],"failureMessages":[],"fullName":"AvatarComponent should create","location":null,"status":"passed","title":"should create"},{"ancestorTitles":["AvatarComponent"],"failureMessages":[],"fullName":"AvatarComponent The initials match the name","location":null,"status":"passed","title":"The initials match the name"},{"ancestorTitles":["AvatarComponent"],"failureMessages":[],"fullName":"AvatarComponent Initials work with only one name","location":null,"status":"passed","title":"Initials work with only one name"},{"ancestorTitles":["AvatarComponent"],"failureMessages":[],"fullName":"AvatarComponent Initials are derived from first three names","location":null,"status":"passed","title":"Initials are derived from first three names"}],"endTime":1550198586969,"message":"","name":"C:\\Users\\apgiles\\Code\\DF-Components\\projects\\df-components\\src\\lib\\avatar\\avatar\\avatar.component.spec.ts","startTime":1550198582621,"status":"passed","summary":""},{"assertionResults":[{"ancestorTitles":["CardStandardComponent"],"failureMessages":[],"fullName":"CardStandardComponent should create","location":null,"status":"passed","title":"should create"}],"endTime":1550198587131,"message":"","name":"C:\\Users\\apgiles\\Code\\DF-Components\\projects\\df-components\\src\\lib\\deck\\card-standard\\card-standard.component.spec.ts","startTime":1550198582631,"status":"passed","summary":""},{"assertionResults":[{"ancestorTitles":["CardChartComponent"],"failureMessages":[],"fullName":"CardChartComponent should create","location":null,"status":"passed","title":"should create"}],"endTime":1550198587436,"message":"","name":"C:\\Users\\apgiles\\Code\\DF-Components\\projects\\df-components\\src\\lib\\deck\\card-chart\\card-chart.component.spec.ts","startTime":1550198586924,"status":"passed","summary":""},{"assertionResults":[{"ancestorTitles":["CardImageComponent"],"failureMessages":[],"fullName":"CardImageComponent should create","location":null,"status":"passed","title":"should create"}],"endTime":1550198587563,"message":"","name":"C:\\Users\\apgiles\\Code\\DF-Components\\projects\\df-components\\src\\lib\\deck\\card-image\\card-image.component.spec.ts","startTime":1550198587014,"status":"passed","summary":""},{"assertionResults":[{"ancestorTitles":["CardAudioComponent"],"failureMessages":[],"fullName":"CardAudioComponent should create","location":null,"status":"passed","title":"should create"}],"endTime":1550198587596,"message":"","name":"C:\\Users\\apgiles\\Code\\DF-Components\\projects\\df-components\\src\\lib\\deck\\card-audio\\card-audio.component.spec.ts","startTime":1550198586967,"status":"passed","summary":""},{"assertionResults":[{"ancestorTitles":["RefinerComponent"],"failureMessages":[],"fullName":"RefinerComponent should create","location":null,"status":"passed","title":"should create"},{"ancestorTitles":["RefinerComponent"],"failureMessages":[],"fullName":"RefinerComponent should display lists of refiners","location":null,"status":"passed","title":"should display lists of refiners"},{"ancestorTitles":["RefinerComponent"],"failureMessages":[],"fullName":"RefinerComponent should emit all selected refiners","location":null,"status":"passed","title":"should emit all selected refiners"}],"endTime":1550198588042,"message":"","name":"C:\\Users\\apgiles\\Code\\DF-Components\\projects\\df-components\\src\\lib\\refiner\\refiner.spec.ts","startTime":1550198587186,"status":"passed","summary":""},{"assertionResults":[{"ancestorTitles":["DiscussionComponent"],"failureMessages":[],"fullName":"DiscussionComponent should create","location":null,"status":"passed","title":"should create"}],"endTime":1550198588077,"message":"","name":"C:\\Users\\apgiles\\Code\\DF-Components\\projects\\df-components\\src\\lib\\discussion\\discussion\\discussion.component.spec.ts","startTime":1550198587499,"status":"passed","summary":""},{"assertionResults":[{"ancestorTitles":["ExpanderPanelComponent"],"failureMessages":[],"fullName":"ExpanderPanelComponent should create","location":null,"status":"passed","title":"should create"}],"endTime":1550198588154,"message":"","name":"C:\\Users\\apgiles\\Code\\DF-Components\\projects\\df-components\\src\\lib\\panel\\expander-panel\\expander-panel.component.spec.ts","startTime":1550198587656,"status":"passed","summary":""},{"assertionResults":[{"ancestorTitles":["DataTableComponent"],"failureMessages":[],"fullName":"DataTableComponent should create","location":null,"status":"passed","title":"should create"}],"endTime":1550198588302,"message":"","name":"C:\\Users\\apgiles\\Code\\DF-Components\\projects\\df-components\\src\\lib\\data-table\\data-table\\data-table.component.spec.ts","startTime":1550198582567,"status":"passed","summary":""},{"assertionResults":[{"ancestorTitles":["DeckComponent"],"failureMessages":[],"fullName":"DeckComponent should create","location":null,"status":"passed","title":"should create"}],"endTime":1550198588372,"message":"","name":"C:\\Users\\apgiles\\Code\\DF-Components\\projects\\df-components\\src\\lib\\deck\\deck\\deck.component.spec.ts","startTime":1550198582562,"status":"passed","summary":""},{"assertionResults":[{"ancestorTitles":["FilteredListComponent"],"failureMessages":[],"fullName":"FilteredListComponent should create","location":null,"status":"passed","title":"should create"},{"ancestorTitles":["FilteredListComponent"],"failureMessages":[],"fullName":"FilteredListComponent should contain a list of items","location":null,"status":"passed","title":"should contain a list of items"},{"ancestorTitles":["FilteredListComponent"],"failureMessages":[],"fullName":"FilteredListComponent should emit an event and highlight when an item is selected","location":null,"status":"passed","title":"should emit an event and highlight when an item is selected"},{"ancestorTitles":["FilteredListComponent"],"failureMessages":[],"fullName":"FilteredListComponent should contain a routerLink if link property is provided","location":null,"status":"passed","title":"should contain a routerLink if link property is provided"},{"ancestorTitles":["FilteredListComponent"],"failureMessages":[],"fullName":"FilteredListComponent should change the list when a filter is applied","location":null,"status":"passed","title":"should change the list when a filter is applied"},{"ancestorTitles":["FilteredListComponent"],"failureMessages":[],"fullName":"FilteredListComponent should allow for custom entity filter expressions","location":null,"status":"passed","title":"should allow for custom entity filter expressions"}],"endTime":1550198588880,"message":"","name":"C:\\Users\\apgiles\\Code\\DF-Components\\projects\\df-components\\src\\lib\\filtered-list\\filtered-list.spec.ts","startTime":1550198582564,"status":"passed","summary":""}],"wasInterrupted":false}